(------------------------------------------------------------)
(                                                            )
(                    NC DRILL LOG FILE                       )
(                                                            )
(        Drawing    : hex.brd                                )
(        Date/Time  : Fri Oct 22 12:35:06 2010               )
(                                                            )
(------------------------------------------------------------)



 Processing NC Parameters file ...

 NC PARAMETERS
 -------------

 FORMAT   		2.3
 MACHINE-OFFSET		x:0.000000	y:0.000000
 FEEDRATE		1
 COORDINATES		ABSOLUTE
 OUTPUT-UNITS		ENGLISH
 TOOL-ORDER		INCREASING
 REPEAT-CODES		YES
 SUPPRESS-LEAD-ZEROES	NO
 SUPPRESS-TRAIL-ZEROES	NO
 SUPPRESS-EQUAL		NO
 TOOL-SELECT		NO
 HEADER			none
 LEADER			12
 CODE			ASCII
 SEPARATE		NO
 OPTIMIZE_DRILLING	NO
 ENHANCED_EXCELLON	NO
 SCALE			1.000000



 Drill files being output to directory 'd:\misc\ED1\worklib\ed1\physical' ...



     'hex-1-2-np.drl' created for holes connecting TOP and BOTTOM
     ------------------------------------------------------------

           Num     Size      +/- Tolerance     Plating   Quantity

            1. 170.0000    0.0000/  0.0000  NON_PLATED         41

     ---- Total holes:                                         41

     ---- Total head travel:              5.22 feet (1.59 meters)

