Wed Sep 15 10:34:15 2010				Page     1


 
Update Symbols/Modules Logfile
	Wed Sep 15 10:34:15 2010

------ Module Refresh Messages ------

------ End Module Messages     ------



Wed Sep 15 10:34:17 2010				Page     1

Cadence Design Systems, Inc.

Symbol Refresh Logfile

------ Symbol Refresh Directives ------

OLD_LAYOUT_NAME = '#Taaaaaa01596.tmp';
NEW_LAYOUT_NAME = '';
REFRESH_MECHANICAL_SYMBOLS = 'NO';
REFRESH_FORMAT_SYMBOLS = 'NO';
REFRESH_PACKAGE_SYMBOLS = 'NO';
REFRESH_SHAPE_SYMBOLS = 'NO';
REFRESH_SYMBOL_PAD_STACKS = 'NO';
REFRESH_SYMBOL_TEXT_LOCATIONS = 'NO';
REFRESH_CUSTOM_DRILL_DATA = 'NO';
SYMBOL_LIST = 'D:\DOCUME~1\214016~1\LOCALS~1\Temp\#Taaaaab01596.tmp';


------ Library Paths ------
PSMPATH =  . 
           symbols 
           .. 
           ../symbols 
           \\BLDG35USERS1\GEAPPS/Technology/NPIElect/GE_Library/PCB_Lib/symbols 
           \\BLDG35USERS1\GEAPPS/Technology/NPIElect/GE_Library/PCB_Lib/Templates/PCB_Outlines 

PADPATH =  . 
           padstacks 
           .. 
           ../padstacks 
           \\BLDG35USERS1\GEAPPS/Technology/NPIElect/GE_Library/PCB_Lib/pad_stacks 


------ Symbol Refresh Messages ------

'LEDTACT'  symbol refreshed successfully.


----- Symbol Update Summary ----

Completed refreshing all symbols successfully.
